{"instanceId":"node-LAPTOP-DCSO8MGS-21612-65z","hostname":"LAPTOP-DCSO8MGS","pid":21612,"timestamp":"2026-06-06T11:13:00.198Z","cpuPercent":2.02,"memoryUsedMb":117.84,"reqPerSec":0,"throughputKbps":0}
{"instanceId":"node-LAPTOP-DCSO8MGS-23540-tht","hostname":"LAPTOP-DCSO8MGS","pid":23540,"timestamp":"2026-06-06T11:14:01.182Z","cpuPercent":3.12,"memoryUsedMb":121.91,"reqPerSec":0.4,"throughputKbps":2.68}
{"instanceId":"node-LAPTOP-DCSO8MGS-23540-tht","hostname":"LAPTOP-DCSO8MGS","pid":23540,"timestamp":"2026-06-06T11:14:11.180Z","cpuPercent":3.75,"memoryUsedMb":121.74,"reqPerSec":0.3,"throughputKbps":0}
{"instanceId":"node-LAPTOP-DCSO8MGS-23540-tht","hostname":"LAPTOP-DCSO8MGS","pid":23540,"timestamp":"2026-06-06T11:14:21.198Z","cpuPercent":3.28,"memoryUsedMb":122.52,"reqPerSec":0.3,"throughputKbps":0.07}
{"instanceId":"node-LAPTOP-DCSO8MGS-23540-tht","hostname":"LAPTOP-DCSO8MGS","pid":23540,"timestamp":"2026-06-06T11:14:31.205Z","cpuPercent":1.25,"memoryUsedMb":120.77,"reqPerSec":0.5,"throughputKbps":0}
{"instanceId":"node-LAPTOP-DCSO8MGS-23540-tht","hostname":"LAPTOP-DCSO8MGS","pid":23540,"timestamp":"2026-06-06T11:14:41.210Z","cpuPercent":20.14,"memoryUsedMb":142.15,"reqPerSec":16.1,"throughputKbps":2.98}
{"instanceId":"node-LAPTOP-DCSO8MGS-23540-tht","hostname":"LAPTOP-DCSO8MGS","pid":23540,"timestamp":"2026-06-06T11:14:51.216Z","cpuPercent":1.88,"memoryUsedMb":138.55,"reqPerSec":0.5,"throughputKbps":0}
{"instanceId":"node-LAPTOP-DCSO8MGS-23540-tht","hostname":"LAPTOP-DCSO8MGS","pid":23540,"timestamp":"2026-06-06T11:15:01.243Z","cpuPercent":5.6,"memoryUsedMb":138.36,"reqPerSec":2.5,"throughputKbps":0.15}
{"instanceId":"node-LAPTOP-DCSO8MGS-23540-tht","hostname":"LAPTOP-DCSO8MGS","pid":23540,"timestamp":"2026-06-06T11:15:11.259Z","cpuPercent":2.03,"memoryUsedMb":138.34,"reqPerSec":0.7,"throughputKbps":0.17}
{"instanceId":"node-LAPTOP-DCSO8MGS-23540-tht","hostname":"LAPTOP-DCSO8MGS","pid":23540,"timestamp":"2026-06-06T11:15:21.258Z","cpuPercent":16.56,"memoryUsedMb":153.25,"reqPerSec":21.8,"throughputKbps":4.08}
{"instanceId":"node-LAPTOP-DCSO8MGS-23540-tht","hostname":"LAPTOP-DCSO8MGS","pid":23540,"timestamp":"2026-06-06T11:15:31.264Z","cpuPercent":1.41,"memoryUsedMb":151.39,"reqPerSec":0.5,"throughputKbps":0}
{"instanceId":"node-LAPTOP-DCSO8MGS-4588-av3","hostname":"LAPTOP-DCSO8MGS","pid":4588,"timestamp":"2026-06-06T11:15:45.918Z","cpuPercent":28.42,"memoryUsedMb":148.36,"reqPerSec":21.3,"throughputKbps":4.11}
{"instanceId":"node-LAPTOP-DCSO8MGS-4588-av3","hostname":"LAPTOP-DCSO8MGS","pid":4588,"timestamp":"2026-06-06T11:15:55.924Z","cpuPercent":4.85,"memoryUsedMb":143.94,"reqPerSec":1.5,"throughputKbps":0.25}
{"instanceId":"node-LAPTOP-DCSO8MGS-21940-s4i","hostname":"LAPTOP-DCSO8MGS","pid":21940,"timestamp":"2026-06-06T11:17:04.869Z","cpuPercent":2.65,"memoryUsedMb":120.6,"reqPerSec":0.3,"throughputKbps":0}
{"instanceId":"node-LAPTOP-DCSO8MGS-21940-s4i","hostname":"LAPTOP-DCSO8MGS","pid":21940,"timestamp":"2026-06-06T11:17:14.878Z","cpuPercent":3.13,"memoryUsedMb":121.37,"reqPerSec":0.5,"throughputKbps":0.29}
{"instanceId":"node-LAPTOP-DCSO8MGS-21940-s4i","hostname":"LAPTOP-DCSO8MGS","pid":21940,"timestamp":"2026-06-06T11:17:24.884Z","cpuPercent":7.34,"memoryUsedMb":126.25,"reqPerSec":1.2,"throughputKbps":4.23}
{"instanceId":"node-LAPTOP-DCSO8MGS-3000-kvp","hostname":"LAPTOP-DCSO8MGS","pid":17700,"timestamp":"2026-06-06T11:17:25.830Z","cpuPercent":3.89,"memoryUsedMb":117.39,"reqPerSec":0,"throughputKbps":0}
{"instanceId":"node-LAPTOP-DCSO8MGS-21940-s4i","hostname":"LAPTOP-DCSO8MGS","pid":21940,"timestamp":"2026-06-06T11:17:34.896Z","cpuPercent":1.57,"memoryUsedMb":126.39,"reqPerSec":0.3,"throughputKbps":0}
{"instanceId":"node-LAPTOP-DCSO8MGS-21940-s4i","hostname":"LAPTOP-DCSO8MGS","pid":21940,"timestamp":"2026-06-06T11:17:44.905Z","cpuPercent":3.28,"memoryUsedMb":129.25,"reqPerSec":0.3,"throughputKbps":0}
{"instanceId":"node-LAPTOP-DCSO8MGS-21940-s4i","hostname":"LAPTOP-DCSO8MGS","pid":21940,"timestamp":"2026-06-06T11:17:54.908Z","cpuPercent":1.56,"memoryUsedMb":127.02,"reqPerSec":0.7,"throughputKbps":0.4}
{"instanceId":"node-LAPTOP-DCSO8MGS-21940-s4i","hostname":"LAPTOP-DCSO8MGS","pid":21940,"timestamp":"2026-06-06T11:18:04.924Z","cpuPercent":28.23,"memoryUsedMb":146.68,"reqPerSec":23,"throughputKbps":4.64}
{"instanceId":"node-LAPTOP-DCSO8MGS-21940-s4i","hostname":"LAPTOP-DCSO8MGS","pid":21940,"timestamp":"2026-06-06T11:18:14.930Z","cpuPercent":18.28,"memoryUsedMb":154.14,"reqPerSec":23.3,"throughputKbps":4.72}
{"instanceId":"node-LAPTOP-DCSO8MGS-21940-s4i","hostname":"LAPTOP-DCSO8MGS","pid":21940,"timestamp":"2026-06-06T11:18:24.929Z","cpuPercent":2.19,"memoryUsedMb":152.13,"reqPerSec":0.8,"throughputKbps":0.46}
{"instanceId":"node-LAPTOP-DCSO8MGS-3000-kvp","hostname":"LAPTOP-DCSO8MGS","pid":8976,"timestamp":"2026-06-06T11:18:39.767Z","cpuPercent":5.46,"memoryUsedMb":123.63,"reqPerSec":1.3,"throughputKbps":0.48}
{"instanceId":"node-LAPTOP-DCSO8MGS-3000-kvp","hostname":"LAPTOP-DCSO8MGS","pid":8976,"timestamp":"2026-06-06T11:18:49.761Z","cpuPercent":24.07,"memoryUsedMb":149.58,"reqPerSec":22,"throughputKbps":4.58}
{"instanceId":"node-LAPTOP-DCSO8MGS-3000-kvp","hostname":"LAPTOP-DCSO8MGS","pid":8976,"timestamp":"2026-06-06T11:18:59.766Z","cpuPercent":1.57,"memoryUsedMb":147.69,"reqPerSec":0.5,"throughputKbps":0.52}
{"instanceId":"node-LAPTOP-DCSO8MGS-3000-kvp","hostname":"LAPTOP-DCSO8MGS","pid":8976,"timestamp":"2026-06-06T11:19:09.787Z","cpuPercent":2.03,"memoryUsedMb":147.12,"reqPerSec":0.5,"throughputKbps":0}
{"instanceId":"node-LAPTOP-DCSO8MGS-3000-kvp","hostname":"LAPTOP-DCSO8MGS","pid":8976,"timestamp":"2026-06-06T11:19:19.805Z","cpuPercent":1.72,"memoryUsedMb":147.12,"reqPerSec":0.4,"throughputKbps":0}
{"instanceId":"node-LAPTOP-DCSO8MGS-3000-kvp","hostname":"LAPTOP-DCSO8MGS","pid":8976,"timestamp":"2026-06-06T11:19:29.796Z","cpuPercent":2.03,"memoryUsedMb":140.83,"reqPerSec":0.5,"throughputKbps":0}
{"instanceId":"node-LAPTOP-DCSO8MGS-3000-kvp","hostname":"LAPTOP-DCSO8MGS","pid":8976,"timestamp":"2026-06-06T11:19:39.809Z","cpuPercent":1.41,"memoryUsedMb":140.71,"reqPerSec":0.4,"throughputKbps":0}
{"instanceId":"node-LAPTOP-DCSO8MGS-3000-kvp","hostname":"LAPTOP-DCSO8MGS","pid":8976,"timestamp":"2026-06-06T11:19:49.819Z","cpuPercent":1.09,"memoryUsedMb":140.53,"reqPerSec":0.4,"throughputKbps":0}
{"instanceId":"node-LAPTOP-DCSO8MGS-3000-kvp","hostname":"LAPTOP-DCSO8MGS","pid":8976,"timestamp":"2026-06-06T11:19:59.825Z","cpuPercent":2.97,"memoryUsedMb":141.02,"reqPerSec":0.6,"throughputKbps":3.31}
{"instanceId":"node-LAPTOP-DCSO8MGS-3000-kvp","hostname":"LAPTOP-DCSO8MGS","pid":8976,"timestamp":"2026-06-06T11:20:09.833Z","cpuPercent":3.75,"memoryUsedMb":142.22,"reqPerSec":0.9,"throughputKbps":4.13}
{"instanceId":"node-LAPTOP-DCSO8MGS-3000-kvp","hostname":"LAPTOP-DCSO8MGS","pid":8976,"timestamp":"2026-06-06T11:20:19.840Z","cpuPercent":2.19,"memoryUsedMb":142.21,"reqPerSec":0.7,"throughputKbps":0.68}
{"instanceId":"node-LAPTOP-DCSO8MGS-3000-kvp","hostname":"LAPTOP-DCSO8MGS","pid":8976,"timestamp":"2026-06-06T11:20:29.853Z","cpuPercent":1.56,"memoryUsedMb":142.29,"reqPerSec":0.4,"throughputKbps":0}
{"instanceId":"node-LAPTOP-DCSO8MGS-3000-kvp","hostname":"LAPTOP-DCSO8MGS","pid":8976,"timestamp":"2026-06-06T11:20:39.858Z","cpuPercent":24.21,"memoryUsedMb":160.76,"reqPerSec":22.5,"throughputKbps":545.9}
{"instanceId":"node-LAPTOP-DCSO8MGS-3000-kvp","hostname":"LAPTOP-DCSO8MGS","pid":8976,"timestamp":"2026-06-06T11:20:49.856Z","cpuPercent":2.19,"memoryUsedMb":158.44,"reqPerSec":0.5,"throughputKbps":0}
{"instanceId":"node-LAPTOP-DCSO8MGS-3000-kvp","hostname":"LAPTOP-DCSO8MGS","pid":8976,"timestamp":"2026-06-06T11:20:59.861Z","cpuPercent":1.56,"memoryUsedMb":158.67,"reqPerSec":0.3,"throughputKbps":0}
{"instanceId":"node-LAPTOP-DCSO8MGS-3000-kvp","hostname":"LAPTOP-DCSO8MGS","pid":8976,"timestamp":"2026-06-06T11:21:09.865Z","cpuPercent":2.34,"memoryUsedMb":158.57,"reqPerSec":0.5,"throughputKbps":0}
{"instanceId":"node-LAPTOP-DCSO8MGS-3000-kvp","hostname":"LAPTOP-DCSO8MGS","pid":8976,"timestamp":"2026-06-06T11:21:19.875Z","cpuPercent":1.41,"memoryUsedMb":146.8,"reqPerSec":0.4,"throughputKbps":0}
{"instanceId":"node-LAPTOP-DCSO8MGS-3000-kvp","hostname":"LAPTOP-DCSO8MGS","pid":8976,"timestamp":"2026-06-06T11:21:29.883Z","cpuPercent":4.06,"memoryUsedMb":146.1,"reqPerSec":0.5,"throughputKbps":0}
{"instanceId":"node-LAPTOP-DCSO8MGS-3000-kvp","hostname":"LAPTOP-DCSO8MGS","pid":8976,"timestamp":"2026-06-06T11:21:39.889Z","cpuPercent":0.93,"memoryUsedMb":146.1,"reqPerSec":0.4,"throughputKbps":0}
{"instanceId":"node-LAPTOP-DCSO8MGS-3000-kvp","hostname":"LAPTOP-DCSO8MGS","pid":8976,"timestamp":"2026-06-06T11:21:49.898Z","cpuPercent":0.47,"memoryUsedMb":146.12,"reqPerSec":0.5,"throughputKbps":0}
{"instanceId":"node-LAPTOP-DCSO8MGS-3000-kvp","hostname":"LAPTOP-DCSO8MGS","pid":8976,"timestamp":"2026-06-06T11:21:59.902Z","cpuPercent":0.63,"memoryUsedMb":146.13,"reqPerSec":0.3,"throughputKbps":0}
{"instanceId":"node-LAPTOP-DCSO8MGS-3000-kvp","hostname":"LAPTOP-DCSO8MGS","pid":8976,"timestamp":"2026-06-06T11:22:09.934Z","cpuPercent":1.41,"memoryUsedMb":146.3,"reqPerSec":0.3,"throughputKbps":0}
{"instanceId":"node-LAPTOP-DCSO8MGS-3000-kvp","hostname":"LAPTOP-DCSO8MGS","pid":8976,"timestamp":"2026-06-06T11:22:19.955Z","cpuPercent":0.78,"memoryUsedMb":146.22,"reqPerSec":0.2,"throughputKbps":0}
{"instanceId":"node-LAPTOP-DCSO8MGS-3000-kvp","hostname":"LAPTOP-DCSO8MGS","pid":8976,"timestamp":"2026-06-06T11:22:29.972Z","cpuPercent":1.56,"memoryUsedMb":146.08,"reqPerSec":0.3,"throughputKbps":0}
{"instanceId":"node-LAPTOP-DCSO8MGS-3000-kvp","hostname":"LAPTOP-DCSO8MGS","pid":8976,"timestamp":"2026-06-06T11:22:40.002Z","cpuPercent":1.09,"memoryUsedMb":146.56,"reqPerSec":0.3,"throughputKbps":0}
{"instanceId":"node-LAPTOP-DCSO8MGS-3000-kvp","hostname":"LAPTOP-DCSO8MGS","pid":8976,"timestamp":"2026-06-06T11:22:50.008Z","cpuPercent":0.94,"memoryUsedMb":146.36,"reqPerSec":0.3,"throughputKbps":0}
{"instanceId":"node-LAPTOP-DCSO8MGS-3000-kvp","hostname":"LAPTOP-DCSO8MGS","pid":8976,"timestamp":"2026-06-06T11:23:00.015Z","cpuPercent":3.75,"memoryUsedMb":146.22,"reqPerSec":0.2,"throughputKbps":0}
{"instanceId":"node-LAPTOP-DCSO8MGS-3000-kvp","hostname":"LAPTOP-DCSO8MGS","pid":8976,"timestamp":"2026-06-06T11:23:10.019Z","cpuPercent":2.19,"memoryUsedMb":147.04,"reqPerSec":0.6,"throughputKbps":4.2}
{"instanceId":"node-LAPTOP-DCSO8MGS-3000-kvp","hostname":"LAPTOP-DCSO8MGS","pid":8976,"timestamp":"2026-06-06T11:23:20.029Z","cpuPercent":4.38,"memoryUsedMb":148.24,"reqPerSec":1.4,"throughputKbps":1.03}
{"instanceId":"node-LAPTOP-DCSO8MGS-3000-kvp","hostname":"LAPTOP-DCSO8MGS","pid":8976,"timestamp":"2026-06-06T11:23:30.035Z","cpuPercent":1.09,"memoryUsedMb":147.38,"reqPerSec":0.2,"throughputKbps":0}
{"instanceId":"node-LAPTOP-DCSO8MGS-3000-kvp","hostname":"LAPTOP-DCSO8MGS","pid":8976,"timestamp":"2026-06-06T11:23:40.047Z","cpuPercent":2.5,"memoryUsedMb":146.26,"reqPerSec":0.4,"throughputKbps":0}
{"instanceId":"node-LAPTOP-DCSO8MGS-3000-kvp","hostname":"LAPTOP-DCSO8MGS","pid":13580,"timestamp":"2026-06-06T11:55:07.408Z","cpuPercent":3.12,"memoryUsedMb":117.12,"reqPerSec":0,"throughputKbps":0}
{"instanceId":"node-LAPTOP-DCSO8MGS-3000-kvp","hostname":"LAPTOP-DCSO8MGS","pid":13580,"timestamp":"2026-06-06T11:55:17.416Z","cpuPercent":3.44,"memoryUsedMb":115.82,"reqPerSec":0.9,"throughputKbps":0.17}
{"instanceId":"node-LAPTOP-DCSO8MGS-3000-kvp","hostname":"LAPTOP-DCSO8MGS","pid":13580,"timestamp":"2026-06-06T11:55:27.424Z","cpuPercent":1.41,"memoryUsedMb":116.74,"reqPerSec":0.5,"throughputKbps":0.09}
{"instanceId":"node-LAPTOP-DCSO8MGS-3000-kvp","hostname":"LAPTOP-DCSO8MGS","pid":13580,"timestamp":"2026-06-06T11:55:37.425Z","cpuPercent":1.88,"memoryUsedMb":122.04,"reqPerSec":0,"throughputKbps":0}
{"instanceId":"node-LAPTOP-DCSO8MGS-3000-kvp","hostname":"LAPTOP-DCSO8MGS","pid":13580,"timestamp":"2026-06-06T11:55:47.429Z","cpuPercent":0.78,"memoryUsedMb":117.21,"reqPerSec":0,"throughputKbps":0}
{"instanceId":"node-LAPTOP-DCSO8MGS-3000-kvp","hostname":"LAPTOP-DCSO8MGS","pid":13580,"timestamp":"2026-06-06T11:55:57.430Z","cpuPercent":0.79,"memoryUsedMb":117.73,"reqPerSec":0,"throughputKbps":0}
{"instanceId":"node-LAPTOP-DCSO8MGS-3000-kvp","hostname":"LAPTOP-DCSO8MGS","pid":13580,"timestamp":"2026-06-06T11:56:07.443Z","cpuPercent":0.47,"memoryUsedMb":118.49,"reqPerSec":0.2,"throughputKbps":0.04}
{"instanceId":"node-LAPTOP-DCSO8MGS-3000-kvp","hostname":"LAPTOP-DCSO8MGS","pid":13580,"timestamp":"2026-06-06T11:56:17.447Z","cpuPercent":1.72,"memoryUsedMb":119.21,"reqPerSec":0.1,"throughputKbps":0}
{"instanceId":"node-LAPTOP-DCSO8MGS-3000-kvp","hostname":"LAPTOP-DCSO8MGS","pid":13580,"timestamp":"2026-06-06T11:56:27.460Z","cpuPercent":1.56,"memoryUsedMb":119.72,"reqPerSec":0.2,"throughputKbps":2.25}
{"instanceId":"node-LAPTOP-DCSO8MGS-3000-kvp","hostname":"LAPTOP-DCSO8MGS","pid":13580,"timestamp":"2026-06-06T11:56:37.457Z","cpuPercent":2.35,"memoryUsedMb":119.75,"reqPerSec":0.2,"throughputKbps":0}
{"instanceId":"node-LAPTOP-DCSO8MGS-3000-kvp","hostname":"LAPTOP-DCSO8MGS","pid":13580,"timestamp":"2026-06-06T11:56:47.475Z","cpuPercent":20.42,"memoryUsedMb":143.88,"reqPerSec":16.4,"throughputKbps":1.96}
{"instanceId":"node-LAPTOP-DCSO8MGS-3000-kvp","hostname":"LAPTOP-DCSO8MGS","pid":13580,"timestamp":"2026-06-06T11:56:57.484Z","cpuPercent":2.66,"memoryUsedMb":140.52,"reqPerSec":0.2,"throughputKbps":0}
{"instanceId":"node-LAPTOP-DCSO8MGS-3000-kvp","hostname":"LAPTOP-DCSO8MGS","pid":13580,"timestamp":"2026-06-06T11:57:07.495Z","cpuPercent":1.72,"memoryUsedMb":142.31,"reqPerSec":0.2,"throughputKbps":0}
{"instanceId":"node-LAPTOP-DCSO8MGS-3000-kvp","hostname":"LAPTOP-DCSO8MGS","pid":13580,"timestamp":"2026-06-06T11:57:17.510Z","cpuPercent":1.4,"memoryUsedMb":140.74,"reqPerSec":0.2,"throughputKbps":0}
{"instanceId":"node-LAPTOP-DCSO8MGS-3000-kvp","hostname":"LAPTOP-DCSO8MGS","pid":13580,"timestamp":"2026-06-06T11:57:27.538Z","cpuPercent":0.94,"memoryUsedMb":140.41,"reqPerSec":0.2,"throughputKbps":0}
{"instanceId":"node-LAPTOP-DCSO8MGS-3000-kvp","hostname":"LAPTOP-DCSO8MGS","pid":13580,"timestamp":"2026-06-06T11:57:37.544Z","cpuPercent":13.9,"memoryUsedMb":153.61,"reqPerSec":0.5,"throughputKbps":0.1}
{"instanceId":"node-LAPTOP-DCSO8MGS-3000-kvp","hostname":"LAPTOP-DCSO8MGS","pid":13580,"timestamp":"2026-06-06T11:57:47.549Z","cpuPercent":0.93,"memoryUsedMb":138.43,"reqPerSec":0.2,"throughputKbps":0}
{"instanceId":"node-LAPTOP-DCSO8MGS-3000-kvp","hostname":"LAPTOP-DCSO8MGS","pid":13580,"timestamp":"2026-06-06T11:57:57.561Z","cpuPercent":1.1,"memoryUsedMb":138.44,"reqPerSec":0.2,"throughputKbps":0}
{"instanceId":"node-LAPTOP-DCSO8MGS-3000-kvp","hostname":"LAPTOP-DCSO8MGS","pid":13580,"timestamp":"2026-06-06T11:58:07.566Z","cpuPercent":2.18,"memoryUsedMb":138.5,"reqPerSec":0.2,"throughputKbps":0}
{"instanceId":"node-LAPTOP-DCSO8MGS-3000-kvp","hostname":"LAPTOP-DCSO8MGS","pid":13580,"timestamp":"2026-06-06T11:58:17.581Z","cpuPercent":2.66,"memoryUsedMb":138.36,"reqPerSec":0.2,"throughputKbps":0}
{"instanceId":"node-LAPTOP-DCSO8MGS-3000-kvp","hostname":"LAPTOP-DCSO8MGS","pid":13580,"timestamp":"2026-06-06T11:58:27.581Z","cpuPercent":24.06,"memoryUsedMb":162.12,"reqPerSec":0.4,"throughputKbps":0.02}
{"instanceId":"node-LAPTOP-DCSO8MGS-3000-kvp","hostname":"LAPTOP-DCSO8MGS","pid":13580,"timestamp":"2026-06-06T11:58:37.583Z","cpuPercent":45.3,"memoryUsedMb":160.59,"reqPerSec":0.2,"throughputKbps":0}
{"instanceId":"node-LAPTOP-DCSO8MGS-3000-kvp","hostname":"LAPTOP-DCSO8MGS","pid":13580,"timestamp":"2026-06-06T11:58:47.583Z","cpuPercent":46.41,"memoryUsedMb":157.83,"reqPerSec":0.2,"throughputKbps":0}
{"instanceId":"node-LAPTOP-DCSO8MGS-3000-kvp","hostname":"LAPTOP-DCSO8MGS","pid":13580,"timestamp":"2026-06-06T11:58:57.584Z","cpuPercent":47.81,"memoryUsedMb":160.95,"reqPerSec":0.2,"throughputKbps":0}
{"instanceId":"node-LAPTOP-DCSO8MGS-3000-kvp","hostname":"LAPTOP-DCSO8MGS","pid":13580,"timestamp":"2026-06-06T11:59:07.590Z","cpuPercent":46.69,"memoryUsedMb":161,"reqPerSec":0.2,"throughputKbps":0}
{"instanceId":"node-LAPTOP-DCSO8MGS-3000-kvp","hostname":"LAPTOP-DCSO8MGS","pid":13580,"timestamp":"2026-06-06T11:59:17.592Z","cpuPercent":59.52,"memoryUsedMb":156.14,"reqPerSec":0.2,"throughputKbps":0}
{"instanceId":"node-LAPTOP-DCSO8MGS-3000-kvp","hostname":"LAPTOP-DCSO8MGS","pid":13580,"timestamp":"2026-06-06T11:59:27.611Z","cpuPercent":18.71,"memoryUsedMb":144.45,"reqPerSec":0.3,"throughputKbps":0.65}
{"instanceId":"node-LAPTOP-DCSO8MGS-3000-kvp","hostname":"LAPTOP-DCSO8MGS","pid":13580,"timestamp":"2026-06-06T11:59:37.612Z","cpuPercent":11.41,"memoryUsedMb":147.79,"reqPerSec":0.4,"throughputKbps":0.02}
{"instanceId":"node-LAPTOP-DCSO8MGS-3000-kvp","hostname":"LAPTOP-DCSO8MGS","pid":13580,"timestamp":"2026-06-06T11:59:47.616Z","cpuPercent":33.58,"memoryUsedMb":149.17,"reqPerSec":0.2,"throughputKbps":0}
{"instanceId":"node-LAPTOP-DCSO8MGS-3000-kvp","hostname":"LAPTOP-DCSO8MGS","pid":13580,"timestamp":"2026-06-06T11:59:57.619Z","cpuPercent":32.02,"memoryUsedMb":148.6,"reqPerSec":0.2,"throughputKbps":0}
{"instanceId":"node-LAPTOP-DCSO8MGS-3000-kvp","hostname":"LAPTOP-DCSO8MGS","pid":13580,"timestamp":"2026-06-06T12:00:07.619Z","cpuPercent":34.84,"memoryUsedMb":149.7,"reqPerSec":0.2,"throughputKbps":0}
{"instanceId":"node-LAPTOP-DCSO8MGS-3000-kvp","hostname":"LAPTOP-DCSO8MGS","pid":13580,"timestamp":"2026-06-06T12:00:17.637Z","cpuPercent":7.5,"memoryUsedMb":147.57,"reqPerSec":0.3,"throughputKbps":0.4}
{"instanceId":"node-LAPTOP-DCSO8MGS-3000-kvp","hostname":"LAPTOP-DCSO8MGS","pid":13580,"timestamp":"2026-06-06T12:00:27.644Z","cpuPercent":2.18,"memoryUsedMb":146.28,"reqPerSec":0.2,"throughputKbps":0}
{"instanceId":"node-LAPTOP-DCSO8MGS-3000-kvp","hostname":"LAPTOP-DCSO8MGS","pid":11516,"timestamp":"2026-06-06T12:53:13.908Z","cpuPercent":4.37,"memoryUsedMb":120.5,"reqPerSec":0.2,"throughputKbps":0.01}
{"instanceId":"node-LAPTOP-DCSO8MGS-3000-kvp","hostname":"LAPTOP-DCSO8MGS","pid":11516,"timestamp":"2026-06-06T12:53:23.911Z","cpuPercent":1.87,"memoryUsedMb":115.2,"reqPerSec":0,"throughputKbps":0}
{"instanceId":"node-LAPTOP-DCSO8MGS-3000-kvp","hostname":"LAPTOP-DCSO8MGS","pid":11516,"timestamp":"2026-06-06T12:53:33.919Z","cpuPercent":0.94,"memoryUsedMb":115.94,"reqPerSec":0,"throughputKbps":0}
{"instanceId":"node-LAPTOP-DCSO8MGS-3000-kvp","hostname":"LAPTOP-DCSO8MGS","pid":11516,"timestamp":"2026-06-06T12:53:43.922Z","cpuPercent":0.62,"memoryUsedMb":115.49,"reqPerSec":0,"throughputKbps":0}
{"instanceId":"node-LAPTOP-DCSO8MGS-3000-kvp","hostname":"LAPTOP-DCSO8MGS","pid":11516,"timestamp":"2026-06-06T12:53:53.928Z","cpuPercent":1.26,"memoryUsedMb":116.63,"reqPerSec":0.2,"throughputKbps":0}
{"instanceId":"node-LAPTOP-DCSO8MGS-3000-kvp","hostname":"LAPTOP-DCSO8MGS","pid":11516,"timestamp":"2026-06-06T12:54:03.931Z","cpuPercent":6.72,"memoryUsedMb":125.43,"reqPerSec":0.9,"throughputKbps":4.13}
{"instanceId":"node-LAPTOP-DCSO8MGS-3000-kvp","hostname":"LAPTOP-DCSO8MGS","pid":11516,"timestamp":"2026-06-06T12:54:13.935Z","cpuPercent":3.59,"memoryUsedMb":129.53,"reqPerSec":0.5,"throughputKbps":0.03}
{"instanceId":"node-LAPTOP-DCSO8MGS-3000-kvp","hostname":"LAPTOP-DCSO8MGS","pid":11516,"timestamp":"2026-06-06T12:54:23.942Z","cpuPercent":1.56,"memoryUsedMb":126.27,"reqPerSec":0.4,"throughputKbps":0.03}
{"instanceId":"node-LAPTOP-DCSO8MGS-3000-kvp","hostname":"LAPTOP-DCSO8MGS","pid":11516,"timestamp":"2026-06-06T12:54:33.944Z","cpuPercent":4.06,"memoryUsedMb":127.03,"reqPerSec":0.5,"throughputKbps":0.03}
{"instanceId":"node-LAPTOP-DCSO8MGS-3000-kvp","hostname":"LAPTOP-DCSO8MGS","pid":11516,"timestamp":"2026-06-06T12:54:43.963Z","cpuPercent":2.34,"memoryUsedMb":127.65,"reqPerSec":0.4,"throughputKbps":0.03}
{"instanceId":"node-LAPTOP-DCSO8MGS-3000-kvp","hostname":"LAPTOP-DCSO8MGS","pid":11516,"timestamp":"2026-06-06T12:54:53.977Z","cpuPercent":3.59,"memoryUsedMb":128.73,"reqPerSec":0.5,"throughputKbps":0.03}
{"instanceId":"node-LAPTOP-DCSO8MGS-3000-kvp","hostname":"LAPTOP-DCSO8MGS","pid":11516,"timestamp":"2026-06-06T12:55:03.980Z","cpuPercent":3.59,"memoryUsedMb":129.76,"reqPerSec":0.5,"throughputKbps":0.01}
{"instanceId":"node-LAPTOP-DCSO8MGS-3000-kvp","hostname":"LAPTOP-DCSO8MGS","pid":11516,"timestamp":"2026-06-06T12:55:13.986Z","cpuPercent":2.19,"memoryUsedMb":131.03,"reqPerSec":0.2,"throughputKbps":0}
{"instanceId":"node-LAPTOP-DCSO8MGS-3000-kvp","hostname":"LAPTOP-DCSO8MGS","pid":11516,"timestamp":"2026-06-06T12:55:23.989Z","cpuPercent":2.34,"memoryUsedMb":129.41,"reqPerSec":0.2,"throughputKbps":0}
{"instanceId":"node-LAPTOP-DCSO8MGS-3000-kvp","hostname":"LAPTOP-DCSO8MGS","pid":11516,"timestamp":"2026-06-06T12:55:33.993Z","cpuPercent":1.56,"memoryUsedMb":129.21,"reqPerSec":0.2,"throughputKbps":0}
{"instanceId":"node-LAPTOP-DCSO8MGS-3000-kvp","hostname":"LAPTOP-DCSO8MGS","pid":11516,"timestamp":"2026-06-06T12:55:43.998Z","cpuPercent":7.97,"memoryUsedMb":137.2,"reqPerSec":0.5,"throughputKbps":0.08}
{"instanceId":"node-LAPTOP-DCSO8MGS-3000-kvp","hostname":"LAPTOP-DCSO8MGS","pid":11516,"timestamp":"2026-06-06T12:55:53.999Z","cpuPercent":1.41,"memoryUsedMb":135.52,"reqPerSec":0.2,"throughputKbps":0}
{"instanceId":"node-LAPTOP-DCSO8MGS-3000-kvp","hostname":"LAPTOP-DCSO8MGS","pid":11516,"timestamp":"2026-06-06T12:56:04.002Z","cpuPercent":2.03,"memoryUsedMb":135.54,"reqPerSec":0.2,"throughputKbps":0}
{"instanceId":"node-LAPTOP-DCSO8MGS-3000-kvp","hostname":"LAPTOP-DCSO8MGS","pid":11516,"timestamp":"2026-06-06T12:56:14.014Z","cpuPercent":2.04,"memoryUsedMb":134.95,"reqPerSec":0.2,"throughputKbps":0}
{"instanceId":"node-LAPTOP-DCSO8MGS-3000-kvp","hostname":"LAPTOP-DCSO8MGS","pid":11516,"timestamp":"2026-06-06T12:56:24.017Z","cpuPercent":1.24,"memoryUsedMb":135.1,"reqPerSec":0.2,"throughputKbps":0}
{"instanceId":"node-LAPTOP-DCSO8MGS-3000-kvp","hostname":"LAPTOP-DCSO8MGS","pid":11516,"timestamp":"2026-06-06T12:56:34.018Z","cpuPercent":2.82,"memoryUsedMb":135.6,"reqPerSec":0.2,"throughputKbps":0}
{"instanceId":"node-LAPTOP-DCSO8MGS-3000-kvp","hostname":"LAPTOP-DCSO8MGS","pid":11516,"timestamp":"2026-06-06T12:56:44.024Z","cpuPercent":7.19,"memoryUsedMb":142.24,"reqPerSec":0.5,"throughputKbps":0.08}
{"instanceId":"node-LAPTOP-DCSO8MGS-3000-kvp","hostname":"LAPTOP-DCSO8MGS","pid":11516,"timestamp":"2026-06-06T12:56:54.039Z","cpuPercent":1.4,"memoryUsedMb":140.6,"reqPerSec":0.2,"throughputKbps":0}
{"instanceId":"node-LAPTOP-DCSO8MGS-3000-kvp","hostname":"LAPTOP-DCSO8MGS","pid":11516,"timestamp":"2026-06-06T12:57:04.049Z","cpuPercent":16.85,"memoryUsedMb":142.03,"reqPerSec":0.5,"throughputKbps":0.1}
{"instanceId":"node-LAPTOP-DCSO8MGS-3000-kvp","hostname":"LAPTOP-DCSO8MGS","pid":11516,"timestamp":"2026-06-06T12:57:14.057Z","cpuPercent":1.88,"memoryUsedMb":141.49,"reqPerSec":0.2,"throughputKbps":0}
{"instanceId":"node-LAPTOP-DCSO8MGS-3000-kvp","hostname":"LAPTOP-DCSO8MGS","pid":11516,"timestamp":"2026-06-06T12:57:24.072Z","cpuPercent":12.79,"memoryUsedMb":146.31,"reqPerSec":0.5,"throughputKbps":0.1}
{"instanceId":"node-LAPTOP-DCSO8MGS-3000-kvp","hostname":"LAPTOP-DCSO8MGS","pid":11516,"timestamp":"2026-06-06T12:57:34.087Z","cpuPercent":3.12,"memoryUsedMb":145.06,"reqPerSec":0.9,"throughputKbps":4.42}
{"instanceId":"node-LAPTOP-DCSO8MGS-3000-kvp","hostname":"LAPTOP-DCSO8MGS","pid":11516,"timestamp":"2026-06-06T12:57:44.103Z","cpuPercent":4.84,"memoryUsedMb":152.48,"reqPerSec":0.4,"throughputKbps":0.03}
{"instanceId":"node-LAPTOP-DCSO8MGS-3000-kvp","hostname":"LAPTOP-DCSO8MGS","pid":11516,"timestamp":"2026-06-06T12:57:54.107Z","cpuPercent":2.65,"memoryUsedMb":147.06,"reqPerSec":0.6,"throughputKbps":0.43}
{"instanceId":"node-LAPTOP-DCSO8MGS-3000-kvp","hostname":"LAPTOP-DCSO8MGS","pid":11516,"timestamp":"2026-06-06T12:58:04.113Z","cpuPercent":4.23,"memoryUsedMb":153.38,"reqPerSec":1,"throughputKbps":4.22}
{"instanceId":"node-LAPTOP-DCSO8MGS-3000-kvp","hostname":"LAPTOP-DCSO8MGS","pid":11516,"timestamp":"2026-06-06T12:58:14.118Z","cpuPercent":1.56,"memoryUsedMb":148.41,"reqPerSec":0.4,"throughputKbps":5.53}
{"instanceId":"node-LAPTOP-DCSO8MGS-3000-kvp","hostname":"LAPTOP-DCSO8MGS","pid":11516,"timestamp":"2026-06-06T12:58:24.135Z","cpuPercent":1.41,"memoryUsedMb":148.03,"reqPerSec":0.2,"throughputKbps":0}
{"instanceId":"node-LAPTOP-DCSO8MGS-3000-kvp","hostname":"LAPTOP-DCSO8MGS","pid":11516,"timestamp":"2026-06-06T12:58:34.127Z","cpuPercent":0.63,"memoryUsedMb":148,"reqPerSec":0.3,"throughputKbps":0}
{"instanceId":"node-LAPTOP-DCSO8MGS-3000-kvp","hostname":"LAPTOP-DCSO8MGS","pid":11516,"timestamp":"2026-06-06T12:58:44.142Z","cpuPercent":3.42,"memoryUsedMb":148.58,"reqPerSec":0.5,"throughputKbps":2.4}
{"instanceId":"node-LAPTOP-DCSO8MGS-3000-kvp","hostname":"LAPTOP-DCSO8MGS","pid":11516,"timestamp":"2026-06-06T12:58:54.156Z","cpuPercent":0.78,"memoryUsedMb":148.19,"reqPerSec":0.1,"throughputKbps":0}
{"instanceId":"node-LAPTOP-DCSO8MGS-3000-kvp","hostname":"LAPTOP-DCSO8MGS","pid":11516,"timestamp":"2026-06-06T12:59:04.162Z","cpuPercent":1.1,"memoryUsedMb":148.49,"reqPerSec":0,"throughputKbps":0}
{"instanceId":"node-LAPTOP-DCSO8MGS-3000-kvp","hostname":"LAPTOP-DCSO8MGS","pid":11516,"timestamp":"2026-06-06T12:59:14.163Z","cpuPercent":2.03,"memoryUsedMb":148.28,"reqPerSec":0,"throughputKbps":0}
{"instanceId":"node-LAPTOP-DCSO8MGS-3000-kvp","hostname":"LAPTOP-DCSO8MGS","pid":11516,"timestamp":"2026-06-06T12:59:24.175Z","cpuPercent":0.47,"memoryUsedMb":148.34,"reqPerSec":0,"throughputKbps":0}
{"instanceId":"node-LAPTOP-DCSO8MGS-3000-kvp","hostname":"LAPTOP-DCSO8MGS","pid":11516,"timestamp":"2026-06-06T12:59:34.183Z","cpuPercent":0.63,"memoryUsedMb":148.23,"reqPerSec":0,"throughputKbps":0}
{"instanceId":"node-LAPTOP-DCSO8MGS-3000-kvp","hostname":"LAPTOP-DCSO8MGS","pid":11516,"timestamp":"2026-06-06T12:59:44.200Z","cpuPercent":0.31,"memoryUsedMb":148.3,"reqPerSec":0,"throughputKbps":0}
{"instanceId":"node-LAPTOP-DCSO8MGS-3000-kvp","hostname":"LAPTOP-DCSO8MGS","pid":11516,"timestamp":"2026-06-06T12:59:54.212Z","cpuPercent":0.31,"memoryUsedMb":148.16,"reqPerSec":0,"throughputKbps":0}
{"instanceId":"node-LAPTOP-DCSO8MGS-3000-kvp","hostname":"LAPTOP-DCSO8MGS","pid":11516,"timestamp":"2026-06-06T13:00:04.218Z","cpuPercent":0.63,"memoryUsedMb":148.33,"reqPerSec":0,"throughputKbps":0}
{"instanceId":"node-LAPTOP-DCSO8MGS-3000-kvp","hostname":"LAPTOP-DCSO8MGS","pid":11516,"timestamp":"2026-06-06T13:00:14.240Z","cpuPercent":0.62,"memoryUsedMb":149.35,"reqPerSec":0,"throughputKbps":0}
{"instanceId":"node-LAPTOP-DCSO8MGS-3000-kvp","hostname":"LAPTOP-DCSO8MGS","pid":11516,"timestamp":"2026-06-06T13:00:24.249Z","cpuPercent":0.63,"memoryUsedMb":148.93,"reqPerSec":0,"throughputKbps":0}
{"instanceId":"node-LAPTOP-DCSO8MGS-3000-kvp","hostname":"LAPTOP-DCSO8MGS","pid":11516,"timestamp":"2026-06-06T13:00:34.264Z","cpuPercent":1.56,"memoryUsedMb":148.63,"reqPerSec":0,"throughputKbps":0}
{"instanceId":"node-LAPTOP-DCSO8MGS-3000-kvp","hostname":"LAPTOP-DCSO8MGS","pid":11516,"timestamp":"2026-06-06T13:00:44.275Z","cpuPercent":0,"memoryUsedMb":148.54,"reqPerSec":0,"throughputKbps":0}
{"instanceId":"node-LAPTOP-DCSO8MGS-3000-kvp","hostname":"LAPTOP-DCSO8MGS","pid":11516,"timestamp":"2026-06-06T13:00:54.287Z","cpuPercent":0.78,"memoryUsedMb":149.1,"reqPerSec":0,"throughputKbps":0}
{"instanceId":"node-LAPTOP-DCSO8MGS-3000-kvp","hostname":"LAPTOP-DCSO8MGS","pid":11516,"timestamp":"2026-06-06T13:01:04.293Z","cpuPercent":0.63,"memoryUsedMb":148.87,"reqPerSec":0,"throughputKbps":0}
{"instanceId":"node-LAPTOP-DCSO8MGS-3000-kvp","hostname":"LAPTOP-DCSO8MGS","pid":11516,"timestamp":"2026-06-06T13:01:14.310Z","cpuPercent":0.62,"memoryUsedMb":148.94,"reqPerSec":0,"throughputKbps":0}
{"instanceId":"node-LAPTOP-DCSO8MGS-3000-kvp","hostname":"LAPTOP-DCSO8MGS","pid":11516,"timestamp":"2026-06-06T13:01:24.317Z","cpuPercent":0.94,"memoryUsedMb":148.99,"reqPerSec":0,"throughputKbps":0}
{"instanceId":"node-LAPTOP-DCSO8MGS-3000-kvp","hostname":"LAPTOP-DCSO8MGS","pid":11516,"timestamp":"2026-06-06T13:01:34.332Z","cpuPercent":0.78,"memoryUsedMb":148.93,"reqPerSec":0,"throughputKbps":0}
{"instanceId":"node-LAPTOP-DCSO8MGS-3000-kvp","hostname":"LAPTOP-DCSO8MGS","pid":11516,"timestamp":"2026-06-06T13:01:44.340Z","cpuPercent":0.94,"memoryUsedMb":149.01,"reqPerSec":0,"throughputKbps":0}
{"instanceId":"node-LAPTOP-DCSO8MGS-3000-kvp","hostname":"LAPTOP-DCSO8MGS","pid":11516,"timestamp":"2026-06-06T13:01:54.344Z","cpuPercent":1.56,"memoryUsedMb":149.21,"reqPerSec":0,"throughputKbps":0}
{"instanceId":"node-LAPTOP-DCSO8MGS-3000-kvp","hostname":"LAPTOP-DCSO8MGS","pid":11516,"timestamp":"2026-06-06T13:02:04.359Z","cpuPercent":0.47,"memoryUsedMb":149.62,"reqPerSec":0,"throughputKbps":0}
{"instanceId":"node-LAPTOP-DCSO8MGS-3000-kvp","hostname":"LAPTOP-DCSO8MGS","pid":11516,"timestamp":"2026-06-06T13:02:14.370Z","cpuPercent":0.93,"memoryUsedMb":149.88,"reqPerSec":0,"throughputKbps":0}
{"instanceId":"node-LAPTOP-DCSO8MGS-3000-kvp","hostname":"LAPTOP-DCSO8MGS","pid":19108,"timestamp":"2026-06-06T13:14:42.691Z","cpuPercent":4.06,"memoryUsedMb":120.26,"reqPerSec":0.3,"throughputKbps":2.33}
{"instanceId":"node-LAPTOP-DCSO8MGS-3000-kvp","hostname":"LAPTOP-DCSO8MGS","pid":19108,"timestamp":"2026-06-06T13:14:52.687Z","cpuPercent":3.28,"memoryUsedMb":116.46,"reqPerSec":0.2,"throughputKbps":0}
{"instanceId":"node-LAPTOP-DCSO8MGS-3000-kvp","hostname":"LAPTOP-DCSO8MGS","pid":19108,"timestamp":"2026-06-06T13:15:02.699Z","cpuPercent":0.78,"memoryUsedMb":116.61,"reqPerSec":0.2,"throughputKbps":0}
{"instanceId":"node-LAPTOP-DCSO8MGS-3000-kvp","hostname":"LAPTOP-DCSO8MGS","pid":19108,"timestamp":"2026-06-06T13:15:12.708Z","cpuPercent":4.06,"memoryUsedMb":127.18,"reqPerSec":0.5,"throughputKbps":0.09}
{"instanceId":"node-LAPTOP-DCSO8MGS-3000-kvp","hostname":"LAPTOP-DCSO8MGS","pid":19108,"timestamp":"2026-06-06T13:15:22.723Z","cpuPercent":1.71,"memoryUsedMb":125.21,"reqPerSec":0.2,"throughputKbps":0}
{"instanceId":"node-LAPTOP-DCSO8MGS-3000-kvp","hostname":"LAPTOP-DCSO8MGS","pid":19108,"timestamp":"2026-06-06T13:15:32.728Z","cpuPercent":8.44,"memoryUsedMb":150.73,"reqPerSec":0.5,"throughputKbps":0.09}
{"instanceId":"node-LAPTOP-DCSO8MGS-3000-kvp","hostname":"LAPTOP-DCSO8MGS","pid":19108,"timestamp":"2026-06-06T13:15:42.738Z","cpuPercent":1.57,"memoryUsedMb":145.35,"reqPerSec":0.2,"throughputKbps":0}
{"instanceId":"node-LAPTOP-DCSO8MGS-3000-kvp","hostname":"LAPTOP-DCSO8MGS","pid":19108,"timestamp":"2026-06-06T13:15:52.749Z","cpuPercent":1.4,"memoryUsedMb":145.3,"reqPerSec":0.2,"throughputKbps":0}
{"instanceId":"node-LAPTOP-DCSO8MGS-3000-kvp","hostname":"LAPTOP-DCSO8MGS","pid":19108,"timestamp":"2026-06-06T13:16:02.748Z","cpuPercent":0.79,"memoryUsedMb":145.39,"reqPerSec":0.2,"throughputKbps":0}
{"instanceId":"node-LAPTOP-DCSO8MGS-3000-kvp","hostname":"LAPTOP-DCSO8MGS","pid":19108,"timestamp":"2026-06-06T13:16:12.761Z","cpuPercent":1.71,"memoryUsedMb":145.86,"reqPerSec":0.2,"throughputKbps":0}
{"instanceId":"node-LAPTOP-DCSO8MGS-3000-kvp","hostname":"LAPTOP-DCSO8MGS","pid":19108,"timestamp":"2026-06-06T13:16:22.759Z","cpuPercent":2.19,"memoryUsedMb":136.62,"reqPerSec":0.2,"throughputKbps":0}
{"instanceId":"node-LAPTOP-DCSO8MGS-3000-kvp","hostname":"LAPTOP-DCSO8MGS","pid":19108,"timestamp":"2026-06-06T13:16:32.771Z","cpuPercent":1.41,"memoryUsedMb":137.28,"reqPerSec":0.2,"throughputKbps":0}
{"instanceId":"node-LAPTOP-DCSO8MGS-3000-kvp","hostname":"LAPTOP-DCSO8MGS","pid":19108,"timestamp":"2026-06-06T13:16:42.782Z","cpuPercent":0.46,"memoryUsedMb":136.82,"reqPerSec":0.2,"throughputKbps":0}
{"instanceId":"node-LAPTOP-DCSO8MGS-3000-kvp","hostname":"LAPTOP-DCSO8MGS","pid":19108,"timestamp":"2026-06-06T13:16:52.792Z","cpuPercent":1.25,"memoryUsedMb":136.85,"reqPerSec":0.2,"throughputKbps":0}
{"instanceId":"node-LAPTOP-DCSO8MGS-3000-kvp","hostname":"LAPTOP-DCSO8MGS","pid":19108,"timestamp":"2026-06-06T13:17:02.801Z","cpuPercent":10.78,"memoryUsedMb":149.75,"reqPerSec":0.5,"throughputKbps":0.1}
{"instanceId":"node-LAPTOP-DCSO8MGS-3000-kvp","hostname":"LAPTOP-DCSO8MGS","pid":19108,"timestamp":"2026-06-06T13:17:12.813Z","cpuPercent":3.59,"memoryUsedMb":154.71,"reqPerSec":0.5,"throughputKbps":0.09}
{"instanceId":"node-LAPTOP-DCSO8MGS-3000-kvp","hostname":"LAPTOP-DCSO8MGS","pid":19108,"timestamp":"2026-06-06T13:17:22.821Z","cpuPercent":7.49,"memoryUsedMb":149.27,"reqPerSec":0.4,"throughputKbps":0.02}
{"instanceId":"node-LAPTOP-DCSO8MGS-3000-kvp","hostname":"LAPTOP-DCSO8MGS","pid":19108,"timestamp":"2026-06-06T13:17:32.834Z","cpuPercent":9.21,"memoryUsedMb":151.2,"reqPerSec":0.3,"throughputKbps":0.15}
{"instanceId":"node-LAPTOP-DCSO8MGS-3000-kvp","hostname":"LAPTOP-DCSO8MGS","pid":19108,"timestamp":"2026-06-06T13:17:42.833Z","cpuPercent":6.25,"memoryUsedMb":147.21,"reqPerSec":0.9,"throughputKbps":4.12}
{"instanceId":"node-LAPTOP-DCSO8MGS-3000-kvp","hostname":"LAPTOP-DCSO8MGS","pid":19108,"timestamp":"2026-06-06T13:17:52.834Z","cpuPercent":3.75,"memoryUsedMb":151.43,"reqPerSec":0.4,"throughputKbps":0.03}
{"instanceId":"node-LAPTOP-DCSO8MGS-3000-kvp","hostname":"LAPTOP-DCSO8MGS","pid":19108,"timestamp":"2026-06-06T13:18:02.849Z","cpuPercent":4.67,"memoryUsedMb":147.45,"reqPerSec":0.9,"throughputKbps":3.22}
{"instanceId":"node-LAPTOP-DCSO8MGS-3000-kvp","hostname":"LAPTOP-DCSO8MGS","pid":19108,"timestamp":"2026-06-06T13:18:12.859Z","cpuPercent":5.63,"memoryUsedMb":147,"reqPerSec":0.8,"throughputKbps":3.24}
{"instanceId":"node-LAPTOP-DCSO8MGS-3000-kvp","hostname":"LAPTOP-DCSO8MGS","pid":19108,"timestamp":"2026-06-06T13:18:22.866Z","cpuPercent":2.49,"memoryUsedMb":147.4,"reqPerSec":0.2,"throughputKbps":0}
{"instanceId":"node-LAPTOP-DCSO8MGS-3000-kvp","hostname":"LAPTOP-DCSO8MGS","pid":19108,"timestamp":"2026-06-06T13:18:32.866Z","cpuPercent":7.66,"memoryUsedMb":151.79,"reqPerSec":3,"throughputKbps":3.29}
{"instanceId":"node-LAPTOP-DCSO8MGS-3000-kvp","hostname":"LAPTOP-DCSO8MGS","pid":19108,"timestamp":"2026-06-06T13:18:42.871Z","cpuPercent":8.9,"memoryUsedMb":151.18,"reqPerSec":1.8,"throughputKbps":3.3}
{"instanceId":"node-LAPTOP-DCSO8MGS-3000-kvp","hostname":"LAPTOP-DCSO8MGS","pid":19108,"timestamp":"2026-06-06T13:18:52.882Z","cpuPercent":4.84,"memoryUsedMb":152.23,"reqPerSec":2.2,"throughputKbps":3.32}
{"instanceId":"node-LAPTOP-DCSO8MGS-3000-kvp","hostname":"LAPTOP-DCSO8MGS","pid":19108,"timestamp":"2026-06-06T13:19:02.892Z","cpuPercent":3.43,"memoryUsedMb":152.46,"reqPerSec":0.9,"throughputKbps":3.34}
{"instanceId":"node-LAPTOP-DCSO8MGS-3000-kvp","hostname":"LAPTOP-DCSO8MGS","pid":19108,"timestamp":"2026-06-06T13:19:12.900Z","cpuPercent":2.66,"memoryUsedMb":152.28,"reqPerSec":0.8,"throughputKbps":3.36}
